<?xml version="1.0" encoding="UTF-8"?>
<!-- Generated by org.testng.reporters.JUnitReportReporter -->
<testsuite hostname="LAPTOP-2LL6TAB5" failures="0" tests="6" name="CheckOutFormTestFinalProject" time="129.556" errors="0" timestamp="2022-11-10T23:47:18 IST" skipped="0">
  <testcase classname="CheckOutFormTestFinalProject" name="TestShopping" time="36.044"/>
  <system-out/>
  <testcase classname="CheckOutFormTestFinalProject" name="TestShopping" time="35.837"/>
  <system-out/>
  <testcase classname="CheckOutFormTestFinalProject" name="TestShopping" time="33.772"/>
  <system-out/>
  <testcase classname="CheckOutFormTestFinalProject" name="getResult" time="0.003"/>
  <system-out/>
  <testcase classname="CheckOutFormTestFinalProject" name="fillCheckOutForm" time="23.897"/>
  <system-out/>
  <testcase classname="CheckOutFormTestFinalProject" name="NumberItemsInCart" time="0.003"/>
  <system-out/>
</testsuite> <!-- CheckOutFormTestFinalProject -->
