<?xml version="1.0" encoding="UTF-8"?>
<!-- Generated by org.testng.reporters.JUnitReportReporter -->
<testsuite hostname="LAPTOP-2LL6TAB5" failures="0" tests="3" name="RemoveFromCart" time="67.207" errors="0" timestamp="2022-11-09T00:55:55 IST" skipped="0">
  <testcase classname="RemoveFromCart" name="TestShopping" time="33.707"/>
  <system-out/>
  <testcase classname="RemoveFromCart" name="RemoveItemFromCartTest" time="33.487"/>
  <system-out/>
  <testcase classname="RemoveFromCart" name="getResult" time="0.013"/>
  <system-out/>
</testsuite> <!-- RemoveFromCart -->
