<?xml version="1.0" encoding="UTF-8"?>
<!-- Generated by org.testng.reporters.JUnitReportReporter -->
<testsuite hostname="LAPTOP-2LL6TAB5" failures="0" tests="2" name="RemoveFromCart" time="115.003" errors="0" timestamp="2022-11-11T21:24:51 IST" skipped="0">
  <testcase classname="RemoveFromCart" name="RemoveItemFromCartTest" time="60.106"/>
  <system-out/>
  <testcase classname="RemoveFromCart" name="TestShopping" time="54.897"/>
  <system-out/>
</testsuite> <!-- RemoveFromCart -->
