<?xml version="1.0" encoding="UTF-8"?>
<!-- Generated by org.testng.reporters.JUnitReportReporter -->
<testsuite hostname="LAPTOP-2LL6TAB5" failures="0" tests="1" name="ReviewTest" time="27.929" errors="0" timestamp="2022-11-11T09:34:34 IST" skipped="0">
  <testcase classname="ReviewTest" name="TestShopping" time="27.929"/>
  <system-out/>
</testsuite> <!-- ReviewTest -->
