<?xml version="1.0" encoding="UTF-8"?>
<!-- Generated by org.testng.reporters.JUnitReportReporter -->
<testsuite hostname="LAPTOP-2LL6TAB5" failures="0" tests="1" name="ReviewTest" time="27.533" errors="0" timestamp="2022-11-12T00:26:18 IST" skipped="0">
  <testcase classname="ReviewTest" name="TestShopping" time="27.533"/>
  <system-out/>
</testsuite> <!-- ReviewTest -->
