<?xml version="1.0" encoding="UTF-8"?>
<!-- Generated by org.testng.reporters.JUnitReportReporter -->
<testsuite hostname="LAPTOP-2LL6TAB5" failures="0" tests="2" name="RemoveFromCart" time="34.925" errors="0" timestamp="2022-11-12T11:54:24 IST" skipped="0">
  <testcase classname="RemoveFromCart" name="TestShopping" time="15.183"/>
  <system-out/>
  <testcase classname="RemoveFromCart" name="RemoveItemFromCartTest" time="19.742"/>
  <system-out/>
</testsuite> <!-- RemoveFromCart -->
