<?xml version="1.0" encoding="UTF-8"?>
<!-- Generated by org.testng.reporters.JUnitReportReporter -->
<testsuite hostname="LAPTOP-2LL6TAB5" failures="0" tests="1" name="LoadingTimeTest" time="6.947" errors="0" timestamp="2022-11-11T12:57:15 IST" skipped="0">
  <testcase classname="LoadingTimeTest" name="LoadingTimeTest" time="6.947"/>
  <system-out/>
</testsuite> <!-- LoadingTimeTest -->
