<?xml version="1.0" encoding="UTF-8"?>
<!-- Generated by org.testng.reporters.JUnitReportReporter -->
<testsuite hostname="LAPTOP-2LL6TAB5" failures="0" tests="7" name="CheckOutFormTestFinalProject" time="131.825" errors="0" timestamp="2022-11-09T00:07:27 IST" skipped="0">
  <testcase classname="CheckOutFormTestFinalProject" name="TestShopping" time="36.890"/>
  <system-out/>
  <testcase classname="CheckOutFormTestFinalProject" name="TestShopping" time="37.278"/>
  <system-out/>
  <testcase classname="CheckOutFormTestFinalProject" name="allureResults" time="0.013"/>
  <system-out/>
  <testcase classname="CheckOutFormTestFinalProject" name="TestShopping" time="33.602"/>
  <system-out/>
  <testcase classname="CheckOutFormTestFinalProject" name="fillCheckOutForm" time="24.020"/>
  <system-out/>
  <testcase classname="CheckOutFormTestFinalProject" name="NumberItemsInCart" time="0.013"/>
  <system-out/>
  <testcase classname="CheckOutFormTestFinalProject" name="getResult" time="0.009"/>
  <system-out/>
</testsuite> <!-- CheckOutFormTestFinalProject -->
