<?xml version="1.0" encoding="UTF-8"?>
<!-- Generated by org.testng.reporters.JUnitReportReporter -->
<testsuite hostname="LAPTOP-2LL6TAB5" failures="0" tests="2" name="RemoveFromCart" time="60.909" errors="0" timestamp="2022-11-12T21:33:55 IST" skipped="0">
  <testcase classname="RemoveFromCart" name="RemoveItemFromCartTest" time="35.630"/>
  <system-out/>
  <testcase classname="RemoveFromCart" name="TestShopping" time="25.279"/>
  <system-out/>
</testsuite> <!-- RemoveFromCart -->
