<?xml version="1.0" encoding="UTF-8"?>
<!-- Generated by org.testng.reporters.JUnitReportReporter -->
<testsuite hostname="LAPTOP-2LL6TAB5" failures="0" tests="6" name="ShoppingCartFinalProject" time="112.748" errors="0" timestamp="2022-11-12T21:41:15 IST" skipped="0">
  <testcase classname="ShoppingCartFinalProject" name="TestShopping" time="29.587"/>
  <system-out/>
  <testcase classname="ShoppingCartFinalProject" name="NumberItemsInCart" time="0.008"/>
  <system-out/>
  <testcase classname="ShoppingCartFinalProject" name="fillShippingFormTest" time="29.530"/>
  <system-out/>
  <testcase classname="ShoppingCartFinalProject" name="getResult" time="0.021"/>
  <system-out/>
  <testcase classname="ShoppingCartFinalProject" name="TestShopping" time="23.327"/>
  <system-out/>
  <testcase classname="ShoppingCartFinalProject" name="TestShopping" time="30.275"/>
  <system-out/>
</testsuite> <!-- ShoppingCartFinalProject -->
