<?xml version="1.0" encoding="UTF-8"?>
<!-- Generated by org.testng.reporters.JUnitReportReporter -->
<testsuite hostname="LAPTOP-2LL6TAB5" failures="0" tests="2" name="RemoveFromCart" time="61.762" errors="0" timestamp="2022-11-11T09:41:55 IST" skipped="0">
  <testcase classname="RemoveFromCart" name="RemoveItemFromCartTest" time="28.747"/>
  <system-out/>
  <testcase classname="RemoveFromCart" name="TestShopping" time="33.015"/>
  <system-out/>
</testsuite> <!-- RemoveFromCart -->
