<?xml version="1.0" encoding="UTF-8"?>
<!-- Generated by org.testng.reporters.JUnitReportReporter -->
<testsuite hostname="LAPTOP-2LL6TAB5" failures="0" tests="2" name="RemoveFromCart" time="65.388" errors="0" timestamp="2022-11-10T03:21:04 IST" skipped="0">
  <testcase classname="RemoveFromCart" name="RemoveItemFromCartTest" time="29.795"/>
  <system-out/>
  <testcase classname="RemoveFromCart" name="TestShopping" time="35.593"/>
  <system-out/>
</testsuite> <!-- RemoveFromCart -->
