<?xml version="1.0" encoding="UTF-8"?>
<!-- Generated by org.testng.reporters.JUnitReportReporter -->
<testsuite hostname="LAPTOP-2LL6TAB5" failures="0" tests="3" name="ShoppingCartFinalProject" time="105.804" errors="0" timestamp="2022-11-11T09:45:36 IST" skipped="0">
  <testcase classname="ShoppingCartFinalProject" name="TestShopping" time="35.219"/>
  <system-out/>
  <testcase classname="ShoppingCartFinalProject" name="TestShopping" time="38.183"/>
  <system-out/>
  <testcase classname="ShoppingCartFinalProject" name="TestShopping" time="32.402"/>
  <system-out/>
</testsuite> <!-- ShoppingCartFinalProject -->
