<?xml version="1.0" encoding="UTF-8"?>
<!-- Generated by org.testng.reporters.JUnitReportReporter -->
<testsuite hostname="LAPTOP-2LL6TAB5" failures="0" tests="6" name="ShoppingCartFinalProject" time="79.455" errors="0" timestamp="2022-11-12T19:30:32 IST" skipped="0">
  <testcase classname="ShoppingCartFinalProject" name="NumberItemsInCart" time="0.004"/>
  <system-out/>
  <testcase classname="ShoppingCartFinalProject" name="getResult" time="0.012"/>
  <system-out/>
  <testcase classname="ShoppingCartFinalProject" name="TestShopping" time="21.275"/>
  <system-out/>
  <testcase classname="ShoppingCartFinalProject" name="TestShopping" time="17.651"/>
  <system-out/>
  <testcase classname="ShoppingCartFinalProject" name="fillCheckOutForm" time="22.683"/>
  <system-out/>
  <testcase classname="ShoppingCartFinalProject" name="TestShopping" time="17.830"/>
  <system-out/>
</testsuite> <!-- ShoppingCartFinalProject -->
